{
  "0 debug pnpm:scope": {
    "selected": 1,
    "total": 1,
    "workspacePrefix": "/Users/apple/glukavz/uikit-widget"
  },
  "1 info pnpm": {
    "err": {
      "name": "Error",
      "message": "uikit-core@0.0.0 dev: `vite`\nspawn ENOENT",
      "code": "ELIFECYCLE",
      "stack": "Error: uikit-core@0.0.0 dev: `vite`\nspawn ENOENT\n    at ChildProcess.<anonymous> (/usr/local/lib/node_modules/pnpm/dist/pnpm.cjs:93917:22)\n    at ChildProcess.emit (node:events:527:28)\n    at maybeClose (node:internal/child_process:1092:16)\n    at Process.ChildProcess._handle.onexit (node:internal/child_process:302:5)"
    }
  },
  "2 error pnpm": {
    "code": "ERR_PNPM_RECURSIVE_RUN_FIRST_FAIL",
    "errno": "ENOENT",
    "syscall": "spawn",
    "file": "sh",
    "pkgid": "uikit-core@0.0.0",
    "stage": "dev",
    "script": "vite",
    "pkgname": "uikit-core",
    "prefix": "/Users/apple/glukavz/uikit-widget/packages/uikit-core",
    "err": {
      "name": "pnpm",
      "message": "uikit-core@0.0.0 dev: `vite`\nspawn ENOENT",
      "code": "ERR_PNPM_RECURSIVE_RUN_FIRST_FAIL",
      "stack": "Error: uikit-core@0.0.0 dev: `vite`\nspawn ENOENT\n    at ChildProcess.<anonymous> (/usr/local/lib/node_modules/pnpm/dist/pnpm.cjs:93917:22)\n    at ChildProcess.emit (node:events:527:28)\n    at maybeClose (node:internal/child_process:1092:16)\n    at Process.ChildProcess._handle.onexit (node:internal/child_process:302:5)"
    }
  },
  "3 warn pnpm:global": " Local package.json exists, but node_modules missing, did you mean to install?"
}